  [1m[35m (126.8ms)[0m  [1m[35mCREATE DATABASE "forum_db" ENCODING = 'unicode'[0m
  [1m[35m (82.7ms)[0m  [1m[35mCREATE DATABASE "blogpg_test" ENCODING = 'unicode'[0m
  [1m[35m (58.7ms)[0m  [1m[35mCREATE DATABASE "forum_db" ENCODING = 'unicode'[0m
  [1m[35m (60.6ms)[0m  [1m[35mCREATE DATABASE "forum_test" ENCODING = 'unicode'[0m
Started GET "/" for 127.0.0.1 at 2024-03-03 14:20:48 +0200
  [1m[35m (7.6ms)[0m  [1m[35mCREATE TABLE "schema_migrations" ("version" character varying NOT NULL PRIMARY KEY)[0m
  [1m[35m (3.4ms)[0m  [1m[35mCREATE TABLE "ar_internal_metadata" ("key" character varying NOT NULL PRIMARY KEY, "value" character varying, "created_at" timestamp(6) NOT NULL, "updated_at" timestamp(6) NOT NULL)[0m
  [1m[36mActiveRecord::SchemaMigration Load (0.9ms)[0m  [1m[34mSELECT "schema_migrations"."version" FROM "schema_migrations" ORDER BY "schema_migrations"."version" ASC[0m
Processing by Rails::WelcomeController#index as HTML
  Rendering /Users/mama/.rbenv/versions/3.1.2/lib/ruby/gems/3.1.0/gems/railties-7.1.3.2/lib/rails/templates/rails/welcome/index.html.erb
  Rendered /Users/mama/.rbenv/versions/3.1.2/lib/ruby/gems/3.1.0/gems/railties-7.1.3.2/lib/rails/templates/rails/welcome/index.html.erb (Duration: 0.4ms | Allocations: 384)
Completed 200 OK in 21ms (Views: 6.4ms | ActiveRecord: 0.0ms | Allocations: 7491)


Started GET "/" for 127.0.0.1 at 2024-03-03 15:09:16 +0200
  [1m[36mActiveRecord::SchemaMigration Load (3.7ms)[0m  [1m[34mSELECT "schema_migrations"."version" FROM "schema_migrations" ORDER BY "schema_migrations"."version" ASC[0m
Processing by Rails::WelcomeController#index as HTML
  Rendering /Users/mama/.rbenv/versions/3.1.2/lib/ruby/gems/3.1.0/gems/railties-7.1.3.2/lib/rails/templates/rails/welcome/index.html.erb
  Rendered /Users/mama/.rbenv/versions/3.1.2/lib/ruby/gems/3.1.0/gems/railties-7.1.3.2/lib/rails/templates/rails/welcome/index.html.erb (Duration: 0.5ms | Allocations: 384)
Completed 200 OK in 19ms (Views: 4.2ms | ActiveRecord: 0.0ms | Allocations: 4524)


  [1m[35m (1.0ms)[0m  [1m[34mSELECT pg_try_advisory_lock(4030998507041258760)[0m
  [1m[36mActiveRecord::SchemaMigration Load (0.6ms)[0m  [1m[34mSELECT "schema_migrations"."version" FROM "schema_migrations" ORDER BY "schema_migrations"."version" ASC[0m
  [1m[36mActiveRecord::InternalMetadata Load (2.7ms)[0m  [1m[34mSELECT * FROM "ar_internal_metadata" WHERE "ar_internal_metadata"."key" = $1 ORDER BY "ar_internal_metadata"."key" ASC LIMIT 1[0m  [[nil, "environment"]]
  [1m[36mActiveRecord::InternalMetadata Create (2.7ms)[0m  [1m[32mINSERT INTO "ar_internal_metadata" ("key", "value", "created_at", "updated_at") VALUES ('environment', 'development', '2024-03-03 13:13:42.636385', '2024-03-03 13:13:42.636387') RETURNING "key"[0m
Migrating to CreateProfiles (20240303131328)
  [1m[36mTRANSACTION (0.4ms)[0m  [1m[35mBEGIN[0m
  [1m[35m (13.6ms)[0m  [1m[35mCREATE TABLE "profiles" ("id" bigserial primary key, "username" character varying, "user_id" integer, "avatar_url" character varying, "region" character varying, "created_at" timestamp(6) NOT NULL, "updated_at" timestamp(6) NOT NULL)[0m
  [1m[36mActiveRecord::SchemaMigration Create (0.5ms)[0m  [1m[32mINSERT INTO "schema_migrations" ("version") VALUES ('20240303131328') RETURNING "version"[0m
  [1m[36mTRANSACTION (2.2ms)[0m  [1m[35mCOMMIT[0m
  [1m[35m (0.4ms)[0m  [1m[34mSELECT pg_advisory_unlock(4030998507041258760)[0m
  [1m[36mActiveRecord::SchemaMigration Load (0.3ms)[0m  [1m[34mSELECT "schema_migrations"."version" FROM "schema_migrations" ORDER BY "schema_migrations"."version" ASC[0m
Started GET "/" for 127.0.0.1 at 2024-03-03 15:13:53 +0200
  [1m[36mActiveRecord::SchemaMigration Load (2.6ms)[0m  [1m[34mSELECT "schema_migrations"."version" FROM "schema_migrations" ORDER BY "schema_migrations"."version" ASC[0m
Processing by Rails::WelcomeController#index as HTML
  Rendering /Users/mama/.rbenv/versions/3.1.2/lib/ruby/gems/3.1.0/gems/railties-7.1.3.2/lib/rails/templates/rails/welcome/index.html.erb
  Rendered /Users/mama/.rbenv/versions/3.1.2/lib/ruby/gems/3.1.0/gems/railties-7.1.3.2/lib/rails/templates/rails/welcome/index.html.erb (Duration: 0.7ms | Allocations: 384)
Completed 200 OK in 16ms (Views: 3.5ms | ActiveRecord: 0.0ms | Allocations: 4525)


Started GET "/profiles" for 127.0.0.1 at 2024-03-03 15:13:58 +0200
Processing by ProfilesController#index as HTML
  Rendering layout layouts/application.html.erb
  Rendering profiles/index.html.erb within layouts/application
  [1m[36mProfile Load (3.5ms)[0m  [1m[34mSELECT "profiles".* FROM "profiles"[0m
  ↳ app/views/profiles/index.html.erb:6
  Rendered profiles/index.html.erb within layouts/application (Duration: 110.4ms | Allocations: 6678)
  Rendered layout layouts/application.html.erb (Duration: 2138.7ms | Allocations: 192922)
Completed 200 OK in 2188ms (Views: 2110.5ms | ActiveRecord: 30.5ms | Allocations: 202395)


Started GET "/profiles/new" for 127.0.0.1 at 2024-03-03 15:14:02 +0200
Processing by ProfilesController#new as HTML
  Rendering layout layouts/application.html.erb
  Rendering profiles/new.html.erb within layouts/application
  Rendered profiles/_form.html.erb (Duration: 18.6ms | Allocations: 5265)
  Rendered profiles/new.html.erb within layouts/application (Duration: 19.8ms | Allocations: 5620)
  Rendered layout layouts/application.html.erb (Duration: 23.9ms | Allocations: 10292)
Completed 200 OK in 99ms (Views: 24.5ms | ActiveRecord: 48.7ms | Allocations: 22239)


Started GET "/profiles/new" for 127.0.0.1 at 2024-03-03 15:18:18 +0200
Processing by ProfilesController#new as HTML
  Rendering layout layouts/application.html.erb
  Rendering profiles/new.html.erb within layouts/application
  Rendered profiles/_form.html.erb (Duration: 6.5ms | Allocations: 1783)
  Rendered profiles/new.html.erb within layouts/application (Duration: 7.5ms | Allocations: 2090)
  Rendered layout layouts/application.html.erb (Duration: 70.3ms | Allocations: 21808)
Completed 200 OK in 127ms (Views: 75.1ms | ActiveRecord: 34.2ms | Allocations: 26786)


Started GET "/profiles/new" for 127.0.0.1 at 2024-03-03 15:18:35 +0200
  [1m[36mActiveRecord::SchemaMigration Load (3.7ms)[0m  [1m[34mSELECT "schema_migrations"."version" FROM "schema_migrations" ORDER BY "schema_migrations"."version" ASC[0m
Processing by ProfilesController#new as HTML
  Rendering layout layouts/application.html.erb
  Rendering profiles/new.html.erb within layouts/application
  Rendered profiles/_form.html.erb (Duration: 6.8ms | Allocations: 4086)
  Rendered profiles/new.html.erb within layouts/application (Duration: 7.7ms | Allocations: 4546)
  Rendered layout layouts/application.html.erb (Duration: 59.2ms | Allocations: 49688)
Completed 200 OK in 134ms (Views: 62.7ms | ActiveRecord: 24.5ms | Allocations: 72904)


Started GET "/profiles/new" for 127.0.0.1 at 2024-03-03 15:19:12 +0200
  [1m[36mActiveRecord::SchemaMigration Load (3.6ms)[0m  [1m[34mSELECT "schema_migrations"."version" FROM "schema_migrations" ORDER BY "schema_migrations"."version" ASC[0m
Processing by ProfilesController#new as HTML
  Rendering layout layouts/application.html.erb
  Rendering profiles/new.html.erb within layouts/application
  Rendered profiles/_form.html.erb (Duration: 5.5ms | Allocations: 4098)
  Rendered profiles/new.html.erb within layouts/application (Duration: 6.0ms | Allocations: 4558)
  Rendered layout layouts/application.html.erb (Duration: 45.2ms | Allocations: 49575)
Completed 200 OK in 100ms (Views: 47.7ms | ActiveRecord: 12.8ms | Allocations: 72791)


Started GET "/profiles/new" for 127.0.0.1 at 2024-03-03 15:20:23 +0200
Processing by ProfilesController#new as HTML
  Rendering layout layouts/application.html.erb
  Rendering profiles/new.html.erb within layouts/application
  Rendered profiles/_form.html.erb (Duration: 4.3ms | Allocations: 1792)
  Rendered profiles/new.html.erb within layouts/application (Duration: 6.8ms | Allocations: 2100)
  Rendered layout layouts/application.html.erb (Duration: 39.6ms | Allocations: 21739)
Completed 200 OK in 104ms (Views: 41.4ms | ActiveRecord: 49.0ms | Allocations: 26740)


Started GET "/profiles/new" for 127.0.0.1 at 2024-03-03 15:20:35 +0200
  [1m[36mActiveRecord::SchemaMigration Load (1.0ms)[0m  [1m[34mSELECT "schema_migrations"."version" FROM "schema_migrations" ORDER BY "schema_migrations"."version" ASC[0m
Processing by ProfilesController#new as HTML
  Rendering layout layouts/application.html.erb
  Rendering profiles/new.html.erb within layouts/application
  Rendered profiles/_form.html.erb (Duration: 6.5ms | Allocations: 4092)
  Rendered profiles/new.html.erb within layouts/application (Duration: 8.0ms | Allocations: 4552)
  Rendered layout layouts/application.html.erb (Duration: 49.3ms | Allocations: 49699)
Completed 200 OK in 87ms (Views: 51.8ms | ActiveRecord: 9.0ms | Allocations: 72915)


Started GET "/profiles/new" for 127.0.0.1 at 2024-03-03 15:20:36 +0200
Processing by ProfilesController#new as HTML
  Rendering layout layouts/application.html.erb
  Rendering profiles/new.html.erb within layouts/application
  Rendered profiles/_form.html.erb (Duration: 1.8ms | Allocations: 1272)
  Rendered profiles/new.html.erb within layouts/application (Duration: 2.0ms | Allocations: 1359)
  Rendered layout layouts/application.html.erb (Duration: 8.8ms | Allocations: 6013)
Completed 200 OK in 11ms (Views: 9.4ms | ActiveRecord: 0.0ms | Allocations: 6369)


Started GET "/profiles/new" for 127.0.0.1 at 2024-03-03 15:25:57 +0200
  [1m[36mActiveRecord::SchemaMigration Load (1.0ms)[0m  [1m[34mSELECT "schema_migrations"."version" FROM "schema_migrations" ORDER BY "schema_migrations"."version" ASC[0m
Processing by ProfilesController#new as HTML
  Rendering layout layouts/application.html.erb
  Rendering profiles/new.html.erb within layouts/application
  Rendered profiles/_form.html.erb (Duration: 6.1ms | Allocations: 4101)
  Rendered profiles/new.html.erb within layouts/application (Duration: 6.7ms | Allocations: 4561)
  Rendered layout layouts/application.html.erb (Duration: 55.1ms | Allocations: 49414)
Completed 200 OK in 92ms (Views: 57.5ms | ActiveRecord: 8.5ms | Allocations: 72630)


Started GET "/profiles/new" for 127.0.0.1 at 2024-03-03 15:27:55 +0200
  [1m[36mActiveRecord::SchemaMigration Load (1.1ms)[0m  [1m[34mSELECT "schema_migrations"."version" FROM "schema_migrations" ORDER BY "schema_migrations"."version" ASC[0m
Processing by ProfilesController#new as HTML
  Rendering layout layouts/application.html.erb
  Rendering profiles/new.html.erb within layouts/application
  Rendered profiles/_form.html.erb (Duration: 5.1ms | Allocations: 4092)
  Rendered profiles/new.html.erb within layouts/application (Duration: 5.6ms | Allocations: 4552)
  Rendered layout layouts/application.html.erb (Duration: 44.0ms | Allocations: 49609)
Completed 200 OK in 100ms (Views: 46.3ms | ActiveRecord: 9.2ms | Allocations: 72825)


Started GET "/profiles/new" for 127.0.0.1 at 2024-03-03 15:27:56 +0200
Processing by ProfilesController#new as HTML
  Rendering layout layouts/application.html.erb
  Rendering profiles/new.html.erb within layouts/application
  Rendered profiles/_form.html.erb (Duration: 1.9ms | Allocations: 1293)
  Rendered profiles/new.html.erb within layouts/application (Duration: 2.2ms | Allocations: 1380)
  Rendered layout layouts/application.html.erb (Duration: 9.1ms | Allocations: 6034)
Completed 200 OK in 12ms (Views: 9.9ms | ActiveRecord: 0.0ms | Allocations: 6390)


Started GET "/profiles/new" for 127.0.0.1 at 2024-03-03 15:27:57 +0200
Processing by ProfilesController#new as HTML
  Rendering layout layouts/application.html.erb
  Rendering profiles/new.html.erb within layouts/application
  Rendered profiles/_form.html.erb (Duration: 2.1ms | Allocations: 1097)
  Rendered profiles/new.html.erb within layouts/application (Duration: 2.4ms | Allocations: 1176)
  Rendered layout layouts/application.html.erb (Duration: 12.8ms | Allocations: 5715)
Completed 200 OK in 15ms (Views: 13.8ms | ActiveRecord: 0.0ms | Allocations: 5998)


Started GET "/profiles" for 127.0.0.1 at 2024-03-03 15:28:00 +0200
Processing by ProfilesController#index as HTML
  Rendering layout layouts/application.html.erb
  Rendering profiles/index.html.erb within layouts/application
  [1m[36mProfile Load (2.2ms)[0m  [1m[34mSELECT "profiles".* FROM "profiles"[0m
  ↳ app/views/profiles/index.html.erb:6
  Rendered profiles/index.html.erb within layouts/application (Duration: 4.2ms | Allocations: 1474)
  Rendered layout layouts/application.html.erb (Duration: 8.4ms | Allocations: 6142)
Completed 200 OK in 16ms (Views: 6.9ms | ActiveRecord: 2.1ms | Allocations: 7748)


Started GET "/profiles/new" for 127.0.0.1 at 2024-03-03 15:28:01 +0200
Processing by ProfilesController#new as HTML
  Rendering layout layouts/application.html.erb
  Rendering profiles/new.html.erb within layouts/application
  Rendered profiles/_form.html.erb (Duration: 2.2ms | Allocations: 1173)
  Rendered profiles/new.html.erb within layouts/application (Duration: 2.5ms | Allocations: 1256)
  Rendered layout layouts/application.html.erb (Duration: 8.6ms | Allocations: 5794)
Completed 200 OK in 10ms (Views: 9.3ms | ActiveRecord: 0.0ms | Allocations: 6085)


Started GET "/profiles/new" for 127.0.0.1 at 2024-03-03 15:28:25 +0200
  [1m[36mActiveRecord::SchemaMigration Load (0.8ms)[0m  [1m[34mSELECT "schema_migrations"."version" FROM "schema_migrations" ORDER BY "schema_migrations"."version" ASC[0m
Processing by ProfilesController#new as HTML
  Rendering layout layouts/application.html.erb
  Rendering profiles/new.html.erb within layouts/application
  Rendered profiles/_form.html.erb (Duration: 5.1ms | Allocations: 4101)
  Rendered profiles/new.html.erb within layouts/application (Duration: 5.6ms | Allocations: 4561)
  Rendered layout layouts/application.html.erb (Duration: 44.3ms | Allocations: 49729)
Completed 200 OK in 96ms (Views: 46.6ms | ActiveRecord: 15.4ms | Allocations: 72951)


Started GET "/profiles/new" for 127.0.0.1 at 2024-03-03 15:28:26 +0200
Processing by ProfilesController#new as HTML
  Rendering layout layouts/application.html.erb
  Rendering profiles/new.html.erb within layouts/application
  Rendered profiles/_form.html.erb (Duration: 6.4ms | Allocations: 1281)
  Rendered profiles/new.html.erb within layouts/application (Duration: 7.3ms | Allocations: 1368)
  Rendered layout layouts/application.html.erb (Duration: 14.1ms | Allocations: 6022)
Completed 200 OK in 17ms (Views: 15.2ms | ActiveRecord: 0.0ms | Allocations: 6378)


Started GET "/profiles/new" for 127.0.0.1 at 2024-03-03 15:28:27 +0200
Processing by ProfilesController#new as HTML
  Rendering layout layouts/application.html.erb
  Rendering profiles/new.html.erb within layouts/application
  Rendered profiles/_form.html.erb (Duration: 2.7ms | Allocations: 1106)
  Rendered profiles/new.html.erb within layouts/application (Duration: 3.0ms | Allocations: 1185)
  Rendered layout layouts/application.html.erb (Duration: 8.8ms | Allocations: 5724)
Completed 200 OK in 11ms (Views: 9.7ms | ActiveRecord: 0.0ms | Allocations: 6007)


Started GET "/profiles/new" for 127.0.0.1 at 2024-03-03 15:29:14 +0200
  [1m[36mActiveRecord::SchemaMigration Load (1.6ms)[0m  [1m[34mSELECT "schema_migrations"."version" FROM "schema_migrations" ORDER BY "schema_migrations"."version" ASC[0m
Processing by ProfilesController#new as HTML
  Rendering layout layouts/application.html.erb
  Rendering profiles/new.html.erb within layouts/application
  Rendered profiles/_form.html.erb (Duration: 6.5ms | Allocations: 4095)
  Rendered profiles/new.html.erb within layouts/application (Duration: 7.3ms | Allocations: 4555)
  Rendered layout layouts/application.html.erb (Duration: 64.6ms | Allocations: 49460)
Completed 200 OK in 125ms (Views: 69.7ms | ActiveRecord: 14.8ms | Allocations: 72676)


Started GET "/profiles/new" for 127.0.0.1 at 2024-03-03 15:29:53 +0200
Processing by ProfilesController#new as HTML
  Rendering layout layouts/application.html.erb
  Rendering profiles/new.html.erb within layouts/application
  Rendered profiles/_form.html.erb (Duration: 1.8ms | Allocations: 1789)
  Rendered profiles/new.html.erb within layouts/application (Duration: 2.4ms | Allocations: 2097)
  Rendered layout layouts/application.html.erb (Duration: 14.1ms | Allocations: 21733)
Completed 200 OK in 48ms (Views: 15.3ms | ActiveRecord: 26.6ms | Allocations: 26734)


Started GET "/profiles/new" for 127.0.0.1 at 2024-03-03 15:29:59 +0200
  [1m[36mActiveRecord::SchemaMigration Load (0.6ms)[0m  [1m[34mSELECT "schema_migrations"."version" FROM "schema_migrations" ORDER BY "schema_migrations"."version" ASC[0m
Processing by ProfilesController#new as HTML
  Rendering layout layouts/application.html.erb
  Rendering profiles/new.html.erb within layouts/application
  Rendered profiles/_form.html.erb (Duration: 5.2ms | Allocations: 4095)
  Rendered profiles/new.html.erb within layouts/application (Duration: 5.6ms | Allocations: 4555)
  Rendered layout layouts/application.html.erb (Duration: 43.1ms | Allocations: 49789)
Completed 200 OK in 84ms (Views: 45.4ms | ActiveRecord: 7.4ms | Allocations: 73005)


Started GET "/profiles/new" for 127.0.0.1 at 2024-03-03 15:30:00 +0200
Processing by ProfilesController#new as HTML
  Rendering layout layouts/application.html.erb
  Rendering profiles/new.html.erb within layouts/application
  Rendered profiles/_form.html.erb (Duration: 2.4ms | Allocations: 1287)
  Rendered profiles/new.html.erb within layouts/application (Duration: 2.6ms | Allocations: 1374)
  Rendered layout layouts/application.html.erb (Duration: 10.3ms | Allocations: 6028)
Completed 200 OK in 12ms (Views: 11.0ms | ActiveRecord: 0.0ms | Allocations: 6384)


Started GET "/profiles/new" for 127.0.0.1 at 2024-03-03 15:30:01 +0200
Processing by ProfilesController#new as HTML
  Rendering layout layouts/application.html.erb
  Rendering profiles/new.html.erb within layouts/application
  Rendered profiles/_form.html.erb (Duration: 5.4ms | Allocations: 1097)
  Rendered profiles/new.html.erb within layouts/application (Duration: 5.8ms | Allocations: 1176)
  Rendered layout layouts/application.html.erb (Duration: 11.5ms | Allocations: 5715)
Completed 200 OK in 14ms (Views: 12.4ms | ActiveRecord: 0.0ms | Allocations: 5998)


Started GET "/profiles/new" for 127.0.0.1 at 2024-03-03 15:30:01 +0200
Processing by ProfilesController#new as HTML
  Rendering layout layouts/application.html.erb
  Rendering profiles/new.html.erb within layouts/application
  Rendered profiles/_form.html.erb (Duration: 3.9ms | Allocations: 1100)
  Rendered profiles/new.html.erb within layouts/application (Duration: 4.2ms | Allocations: 1179)
  Rendered layout layouts/application.html.erb (Duration: 11.6ms | Allocations: 5718)
Completed 200 OK in 17ms (Views: 12.2ms | ActiveRecord: 0.0ms | Allocations: 6001)


Started GET "/profiles/new" for 127.0.0.1 at 2024-03-03 15:30:46 +0200
Processing by ProfilesController#new as HTML
  Rendering layout layouts/application.html.erb
  Rendering profiles/new.html.erb within layouts/application
  Rendered profiles/_form.html.erb (Duration: 1.5ms | Allocations: 1752)
  Rendered profiles/new.html.erb within layouts/application (Duration: 2.0ms | Allocations: 2062)
  Rendered layout layouts/application.html.erb (Duration: 31.8ms | Allocations: 21723)
Completed 200 OK in 70ms (Views: 33.2ms | ActiveRecord: 28.8ms | Allocations: 26761)


Started GET "/profiles/new" for 127.0.0.1 at 2024-03-03 15:31:13 +0200
Processing by ProfilesController#new as HTML
  Rendering layout layouts/application.html.erb
  Rendering profiles/new.html.erb within layouts/application
  Rendered profiles/_form.html.erb (Duration: 1.5ms | Allocations: 1745)
  Rendered profiles/new.html.erb within layouts/application (Duration: 1.9ms | Allocations: 2053)
  Rendered layout layouts/application.html.erb (Duration: 12.0ms | Allocations: 21748)
Completed 200 OK in 32ms (Views: 13.8ms | ActiveRecord: 10.1ms | Allocations: 26732)


Started GET "/profiles/new" for 127.0.0.1 at 2024-03-03 15:31:26 +0200
  [1m[36mActiveRecord::SchemaMigration Load (4.4ms)[0m  [1m[34mSELECT "schema_migrations"."version" FROM "schema_migrations" ORDER BY "schema_migrations"."version" ASC[0m
Processing by ProfilesController#new as HTML
  Rendering layout layouts/application.html.erb
  Rendering profiles/new.html.erb within layouts/application
  Rendered profiles/_form.html.erb (Duration: 8.9ms | Allocations: 3959)
  Rendered profiles/new.html.erb within layouts/application (Duration: 10.1ms | Allocations: 4419)
  Rendered layout layouts/application.html.erb (Duration: 74.8ms | Allocations: 49231)
Completed 200 OK in 134ms (Views: 78.6ms | ActiveRecord: 15.9ms | Allocations: 72448)


Started GET "/profiles/new" for 127.0.0.1 at 2024-03-03 15:33:13 +0200
Processing by ProfilesController#new as HTML
  Rendering layout layouts/application.html.erb
  Rendering profiles/new.html.erb within layouts/application
  Rendered profiles/_form.html.erb (Duration: 1.6ms | Allocations: 1744)
  Rendered profiles/new.html.erb within layouts/application (Duration: 2.2ms | Allocations: 2052)
  Rendered layout layouts/application.html.erb (Duration: 13.3ms | Allocations: 21690)
Completed 200 OK in 45ms (Views: 14.3ms | ActiveRecord: 22.9ms | Allocations: 26691)


Started GET "/profiles/new" for 127.0.0.1 at 2024-03-03 15:34:11 +0200
Processing by ProfilesController#new as HTML
  Rendering layout layouts/application.html.erb
  Rendering profiles/new.html.erb within layouts/application
  Rendered profiles/_form.html.erb (Duration: 2.5ms | Allocations: 1736)
  Rendered profiles/new.html.erb within layouts/application (Duration: 3.5ms | Allocations: 2044)
  Rendered layout layouts/application.html.erb (Duration: 17.0ms | Allocations: 21859)
Completed 200 OK in 46ms (Views: 18.6ms | ActiveRecord: 20.0ms | Allocations: 26851)


Started GET "/profiles/new" for 127.0.0.1 at 2024-03-03 15:34:31 +0200
Processing by ProfilesController#new as HTML
  Rendering layout layouts/application.html.erb
  Rendering profiles/new.html.erb within layouts/application
  Rendered profiles/_form.html.erb (Duration: 1.8ms | Allocations: 1739)
  Rendered profiles/new.html.erb within layouts/application (Duration: 2.3ms | Allocations: 2045)
  Rendered layout layouts/application.html.erb (Duration: 14.2ms | Allocations: 21683)
Completed 200 OK in 61ms (Views: 15.4ms | ActiveRecord: 32.3ms | Allocations: 26646)


Started GET "/profiles/new" for 127.0.0.1 at 2024-03-03 15:34:37 +0200
Processing by ProfilesController#new as HTML
  Rendering layout layouts/application.html.erb
  Rendering profiles/new.html.erb within layouts/application
  Rendered profiles/_form.html.erb (Duration: 1.1ms | Allocations: 1739)
  Rendered profiles/new.html.erb within layouts/application (Duration: 1.5ms | Allocations: 2049)
  Rendered layout layouts/application.html.erb (Duration: 11.2ms | Allocations: 21863)
Completed 200 OK in 31ms (Views: 12.2ms | ActiveRecord: 14.5ms | Allocations: 26893)


Started GET "/profiles/new" for 127.0.0.1 at 2024-03-03 15:35:30 +0200
Processing by ProfilesController#new as HTML
  Rendering layout layouts/application.html.erb
  Rendering profiles/new.html.erb within layouts/application
  Rendered profiles/_form.html.erb (Duration: 1.8ms | Allocations: 1738)
  Rendered profiles/new.html.erb within layouts/application (Duration: 2.5ms | Allocations: 2045)
  Rendered layout layouts/application.html.erb (Duration: 16.5ms | Allocations: 21740)
Completed 200 OK in 48ms (Views: 17.7ms | ActiveRecord: 17.6ms | Allocations: 26710)


Started GET "/profiles/new" for 127.0.0.1 at 2024-03-03 15:35:49 +0200
Processing by ProfilesController#new as HTML
  Rendering layout layouts/application.html.erb
  Rendering profiles/new.html.erb within layouts/application
  Rendered profiles/_form.html.erb (Duration: 6.0ms | Allocations: 1733)
  Rendered profiles/new.html.erb within layouts/application (Duration: 7.7ms | Allocations: 2043)
  Rendered layout layouts/application.html.erb (Duration: 39.4ms | Allocations: 21760)
Completed 200 OK in 98ms (Views: 41.4ms | ActiveRecord: 38.2ms | Allocations: 26779)


Started GET "/profiles/new" for 127.0.0.1 at 2024-03-03 15:36:12 +0200
Processing by ProfilesController#new as HTML
  Rendering layout layouts/application.html.erb
  Rendering profiles/new.html.erb within layouts/application
  Rendered profiles/_form.html.erb (Duration: 1.6ms | Allocations: 1736)
  Rendered profiles/new.html.erb within layouts/application (Duration: 2.4ms | Allocations: 2044)
  Rendered layout layouts/application.html.erb (Duration: 13.1ms | Allocations: 21862)
Completed 200 OK in 57ms (Views: 16.3ms | ActiveRecord: 29.2ms | Allocations: 26844)


Started GET "/profiles/new" for 127.0.0.1 at 2024-03-03 15:36:20 +0200
Processing by ProfilesController#new as HTML
  Rendering layout layouts/application.html.erb
  Rendering profiles/new.html.erb within layouts/application
  Rendered profiles/_form.html.erb (Duration: 1.5ms | Allocations: 1744)
  Rendered profiles/new.html.erb within layouts/application (Duration: 2.0ms | Allocations: 2050)
  Rendered layout layouts/application.html.erb (Duration: 14.9ms | Allocations: 21920)
Completed 200 OK in 22ms (Views: 15.9ms | ActiveRecord: 2.0ms | Allocations: 26883)


Started GET "/profiles/new" for 127.0.0.1 at 2024-03-03 15:36:34 +0200
Processing by ProfilesController#new as HTML
  Rendering layout layouts/application.html.erb
  Rendering profiles/new.html.erb within layouts/application
  Rendered profiles/_form.html.erb (Duration: 1.1ms | Allocations: 1733)
  Rendered profiles/new.html.erb within layouts/application (Duration: 1.5ms | Allocations: 2043)
  Rendered layout layouts/application.html.erb (Duration: 9.8ms | Allocations: 21857)
Completed 200 OK in 27ms (Views: 10.9ms | ActiveRecord: 11.4ms | Allocations: 26877)


Started GET "/profiles/new" for 127.0.0.1 at 2024-03-03 15:37:21 +0200
Processing by ProfilesController#new as HTML
  Rendering layout layouts/application.html.erb
  Rendering profiles/new.html.erb within layouts/application
  Rendered profiles/_form.html.erb (Duration: 1.8ms | Allocations: 1754)
  Rendered profiles/new.html.erb within layouts/application (Duration: 2.3ms | Allocations: 2062)
  Rendered layout layouts/application.html.erb (Duration: 14.8ms | Allocations: 21929)
Completed 200 OK in 42ms (Views: 16.3ms | ActiveRecord: 17.3ms | Allocations: 26911)


Started GET "/profiles/new" for 127.0.0.1 at 2024-03-03 15:37:30 +0200
Processing by ProfilesController#new as HTML
  Rendering layout layouts/application.html.erb
  Rendering profiles/new.html.erb within layouts/application
  Rendered profiles/_form.html.erb (Duration: 1.2ms | Allocations: 1748)
  Rendered profiles/new.html.erb within layouts/application (Duration: 1.6ms | Allocations: 2056)
  Rendered layout layouts/application.html.erb (Duration: 10.4ms | Allocations: 21871)
Completed 200 OK in 25ms (Views: 11.5ms | ActiveRecord: 2.6ms | Allocations: 26855)


Started GET "/profiles/new" for 127.0.0.1 at 2024-03-03 15:38:19 +0200
Processing by ProfilesController#new as HTML
  Rendering layout layouts/application.html.erb
  Rendering profiles/new.html.erb within layouts/application
  Rendered profiles/_form.html.erb (Duration: 1.5ms | Allocations: 1730)
  Rendered profiles/new.html.erb within layouts/application (Duration: 2.4ms | Allocations: 2036)
  Rendered layout layouts/application.html.erb (Duration: 17.5ms | Allocations: 21876)
Completed 200 OK in 59ms (Views: 19.1ms | ActiveRecord: 31.0ms | Allocations: 26841)


Started GET "/profiles/new" for 127.0.0.1 at 2024-03-03 15:39:28 +0200
Processing by ProfilesController#new as HTML
  Rendering layout layouts/application.html.erb
  Rendering profiles/new.html.erb within layouts/application
  Rendered profiles/_form.html.erb (Duration: 1.9ms | Allocations: 1747)
  Rendered profiles/new.html.erb within layouts/application (Duration: 2.6ms | Allocations: 2066)
  Rendered layout layouts/application.html.erb (Duration: 13.7ms | Allocations: 21880)
Completed 200 OK in 60ms (Views: 15.1ms | ActiveRecord: 35.1ms | Allocations: 26906)


Started GET "/profiles/new" for 127.0.0.1 at 2024-03-03 15:39:39 +0200
Processing by ProfilesController#new as HTML
  Rendering layout layouts/application.html.erb
  Rendering profiles/new.html.erb within layouts/application
  Rendered profiles/_form.html.erb (Duration: 1.2ms | Allocations: 1747)
  Rendered profiles/new.html.erb within layouts/application (Duration: 1.8ms | Allocations: 2064)
  Rendered layout layouts/application.html.erb (Duration: 11.0ms | Allocations: 21878)
Completed 200 OK in 36ms (Views: 12.3ms | ActiveRecord: 18.7ms | Allocations: 26861)


Started GET "/profiles/new" for 127.0.0.1 at 2024-03-03 15:40:04 +0200
Processing by ProfilesController#new as HTML
  Rendering layout layouts/application.html.erb
  Rendering profiles/new.html.erb within layouts/application
  Rendered profiles/_form.html.erb (Duration: 1.4ms | Allocations: 1726)
  Rendered profiles/new.html.erb within layouts/application (Duration: 2.2ms | Allocations: 2041)
  Rendered layout layouts/application.html.erb (Duration: 15.9ms | Allocations: 21857)
Completed 200 OK in 36ms (Views: 17.2ms | ActiveRecord: 11.0ms | Allocations: 26821)


Started GET "/profiles" for 127.0.0.1 at 2024-03-03 15:40:06 +0200
Processing by ProfilesController#index as HTML
  Rendering layout layouts/application.html.erb
  Rendering profiles/index.html.erb within layouts/application
  [1m[36mProfile Load (4.1ms)[0m  [1m[34mSELECT "profiles".* FROM "profiles"[0m
  ↳ app/views/profiles/index.html.erb:6
  Rendered profiles/index.html.erb within layouts/application (Duration: 6.0ms | Allocations: 1451)
  Rendered layout layouts/application.html.erb (Duration: 10.3ms | Allocations: 6211)
Completed 200 OK in 18ms (Views: 7.1ms | ActiveRecord: 4.1ms | Allocations: 7817)


Started GET "/profiles" for 127.0.0.1 at 2024-03-03 15:49:18 +0200
Processing by ProfilesController#index as HTML
  Rendering layout layouts/application.html.erb
  Rendering profiles/index.html.erb within layouts/application
  [1m[36mProfile Load (150.7ms)[0m  [1m[34mSELECT "profiles".* FROM "profiles"[0m
  ↳ app/views/profiles/index.html.erb:6
  Rendered profiles/index.html.erb within layouts/application (Duration: 157.1ms | Allocations: 3779)
  Rendered layout layouts/application.html.erb (Duration: 182.4ms | Allocations: 8318)
Completed 200 OK in 185ms (Views: 12.2ms | ActiveRecord: 171.1ms | Allocations: 8600)


Started GET "/profiles" for 127.0.0.1 at 2024-03-03 15:51:39 +0200
Processing by ProfilesController#index as HTML
  Rendering layout layouts/application.html.erb
  Rendering profiles/index.html.erb within layouts/application
  [1m[36mProfile Load (20.9ms)[0m  [1m[34mSELECT "profiles".* FROM "profiles"[0m
  ↳ app/views/profiles/index.html.erb:6
  Rendered profiles/index.html.erb within layouts/application (Duration: 38.5ms | Allocations: 836)
  Rendered layout layouts/application.html.erb (Duration: 45.9ms | Allocations: 5375)
Completed 200 OK in 50ms (Views: 26.7ms | ActiveRecord: 20.9ms | Allocations: 5646)


Started GET "/profiles/new" for 127.0.0.1 at 2024-03-03 15:51:42 +0200
Processing by ProfilesController#new as HTML
  Rendering layout layouts/application.html.erb
  Rendering profiles/new.html.erb within layouts/application
  Rendered profiles/_form.html.erb (Duration: 3.2ms | Allocations: 1099)
  Rendered profiles/new.html.erb within layouts/application (Duration: 4.2ms | Allocations: 1187)
  Rendered layout layouts/application.html.erb (Duration: 11.0ms | Allocations: 5725)
Completed 200 OK in 27ms (Views: 23.2ms | ActiveRecord: 0.0ms | Allocations: 6008)


Started POST "/profiles" for 127.0.0.1 at 2024-03-03 15:51:44 +0200
Processing by ProfilesController#create as TURBO_STREAM
  Parameters: {"authenticity_token"=>"[FILTERED]", "profile"=>{"username"=>"", "user_id"=>"", "avatar_url"=>"", "region"=>""}, "commit"=>"Save"}
  [1m[36mTRANSACTION (1.6ms)[0m  [1m[35mBEGIN[0m
  ↳ app/controllers/profiles_controller.rb:27:in `block in create'
  [1m[36mProfile Create (14.1ms)[0m  [1m[32mINSERT INTO "profiles" ("username", "user_id", "avatar_url", "region", "created_at", "updated_at") VALUES ($1, $2, $3, $4, $5, $6) RETURNING "id"[0m  [["username", ""], ["user_id", nil], ["avatar_url", ""], ["region", ""], ["created_at", "2024-03-03 13:51:44.084026"], ["updated_at", "2024-03-03 13:51:44.084026"]]
  ↳ app/controllers/profiles_controller.rb:27:in `block in create'
  [1m[36mTRANSACTION (2.8ms)[0m  [1m[35mCOMMIT[0m
  ↳ app/controllers/profiles_controller.rb:27:in `block in create'
Redirected to http://127.0.0.1:3000/profiles/1
Completed 302 Found in 22ms (ActiveRecord: 18.5ms | Allocations: 4048)


Started GET "/profiles/1" for 127.0.0.1 at 2024-03-03 15:51:44 +0200
Processing by ProfilesController#show as TURBO_STREAM
  Parameters: {"id"=>"1"}
  [1m[36mProfile Load (5.5ms)[0m  [1m[34mSELECT "profiles".* FROM "profiles" WHERE "profiles"."id" = $1 LIMIT $2[0m  [["id", 1], ["LIMIT", 1]]
  ↳ app/controllers/profiles_controller.rb:63:in `set_profile'
  Rendering layout layouts/application.html.erb
  Rendering profiles/show.html.erb within layouts/application
  Rendered profiles/_profile.html.erb (Duration: 0.3ms | Allocations: 264)
  Rendered profiles/show.html.erb within layouts/application (Duration: 3.0ms | Allocations: 1547)
  Rendered layout layouts/application.html.erb (Duration: 15.2ms | Allocations: 6196)
Completed 200 OK in 29ms (Views: 15.5ms | ActiveRecord: 6.1ms | Allocations: 9508)


Started GET "/profiles/1/edit" for 127.0.0.1 at 2024-03-03 15:51:45 +0200
Processing by ProfilesController#edit as HTML
  Parameters: {"id"=>"1"}
  [1m[36mProfile Load (0.9ms)[0m  [1m[34mSELECT "profiles".* FROM "profiles" WHERE "profiles"."id" = $1 LIMIT $2[0m  [["id", 1], ["LIMIT", 1]]
  ↳ app/controllers/profiles_controller.rb:63:in `set_profile'
  Rendering layout layouts/application.html.erb
  Rendering profiles/edit.html.erb within layouts/application
  Rendered profiles/_form.html.erb (Duration: 3.2ms | Allocations: 1202)
  Rendered profiles/edit.html.erb within layouts/application (Duration: 4.4ms | Allocations: 1453)
  Rendered layout layouts/application.html.erb (Duration: 13.9ms | Allocations: 5989)
Completed 200 OK in 21ms (Views: 14.6ms | ActiveRecord: 0.9ms | Allocations: 6986)


Started GET "/profiles" for 127.0.0.1 at 2024-03-03 15:51:46 +0200
Processing by ProfilesController#index as HTML
  Rendering layout layouts/application.html.erb
  Rendering profiles/index.html.erb within layouts/application
  [1m[36mProfile Load (3.5ms)[0m  [1m[34mSELECT "profiles".* FROM "profiles"[0m
  ↳ app/views/profiles/index.html.erb:6
  Rendered profiles/_profile.html.erb (Duration: 0.2ms | Allocations: 20)
  Rendered profiles/index.html.erb within layouts/application (Duration: 9.2ms | Allocations: 1011)
  Rendered layout layouts/application.html.erb (Duration: 16.7ms | Allocations: 5551)
Completed 200 OK in 18ms (Views: 14.0ms | ActiveRecord: 3.5ms | Allocations: 5825)


Started DELETE "/profiles/1" for 127.0.0.1 at 2024-03-03 15:51:46 +0200
Processing by ProfilesController#destroy as TURBO_STREAM
  Parameters: {"authenticity_token"=>"[FILTERED]", "id"=>"1"}
  [1m[36mProfile Load (0.6ms)[0m  [1m[34mSELECT "profiles".* FROM "profiles" WHERE "profiles"."id" = $1 LIMIT $2[0m  [["id", 1], ["LIMIT", 1]]
  ↳ app/controllers/profiles_controller.rb:63:in `set_profile'
  [1m[36mTRANSACTION (0.4ms)[0m  [1m[35mBEGIN[0m
  ↳ app/controllers/profiles_controller.rb:52:in `destroy'
  [1m[36mProfile Destroy (2.8ms)[0m  [1m[31mDELETE FROM "profiles" WHERE "profiles"."id" = $1[0m  [["id", 1]]
  ↳ app/controllers/profiles_controller.rb:52:in `destroy'
  [1m[36mTRANSACTION (0.7ms)[0m  [1m[35mCOMMIT[0m
  ↳ app/controllers/profiles_controller.rb:52:in `destroy'
Redirected to http://127.0.0.1:3000/profiles
Completed 302 Found in 9ms (ActiveRecord: 4.4ms | Allocations: 2800)


Started GET "/profiles" for 127.0.0.1 at 2024-03-03 15:51:46 +0200
Processing by ProfilesController#index as TURBO_STREAM
  Rendering layout layouts/application.html.erb
  Rendering profiles/index.html.erb within layouts/application
  [1m[36mProfile Load (1.5ms)[0m  [1m[34mSELECT "profiles".* FROM "profiles"[0m
  ↳ app/views/profiles/index.html.erb:6
  Rendered profiles/index.html.erb within layouts/application (Duration: 4.4ms | Allocations: 846)
  Rendered layout layouts/application.html.erb (Duration: 13.0ms | Allocations: 5386)
Completed 200 OK in 14ms (Views: 12.3ms | ActiveRecord: 1.5ms | Allocations: 5660)


Started GET "/profiles/new" for 127.0.0.1 at 2024-03-03 15:51:48 +0200
Processing by ProfilesController#new as HTML
  Rendering layout layouts/application.html.erb
  Rendering profiles/new.html.erb within layouts/application
  Rendered profiles/_form.html.erb (Duration: 2.2ms | Allocations: 1041)
  Rendered profiles/new.html.erb within layouts/application (Duration: 2.5ms | Allocations: 1125)
  Rendered layout layouts/application.html.erb (Duration: 9.7ms | Allocations: 5663)
Completed 200 OK in 11ms (Views: 10.5ms | ActiveRecord: 0.0ms | Allocations: 5943)


